

Started GET "/our-work" for 127.0.0.1 at 2012-12-13 16:12:50 -0500
Connecting to database specified by database.yml

ActionController::RoutingError (No route matches [GET] "/our-work"):
  actionpack (3.2.9) lib/action_dispatch/middleware/debug_exceptions.rb:21:in `call'
  actionpack (3.2.9) lib/action_dispatch/middleware/show_exceptions.rb:56:in `call'
  railties (3.2.9) lib/rails/rack/logger.rb:32:in `call_app'
  railties (3.2.9) lib/rails/rack/logger.rb:16:in `block in call'
  activesupport (3.2.9) lib/active_support/tagged_logging.rb:22:in `tagged'
  railties (3.2.9) lib/rails/rack/logger.rb:16:in `call'
  actionpack (3.2.9) lib/action_dispatch/middleware/request_id.rb:22:in `call'
  rack (1.4.1) lib/rack/methodoverride.rb:21:in `call'
  rack (1.4.1) lib/rack/runtime.rb:17:in `call'
  activesupport (3.2.9) lib/active_support/cache/strategy/local_cache.rb:72:in `call'
  rack (1.4.1) lib/rack/lock.rb:15:in `call'
  actionpack (3.2.9) lib/action_dispatch/middleware/static.rb:62:in `call'
  railties (3.2.9) lib/rails/engine.rb:479:in `call'
  railties (3.2.9) lib/rails/application.rb:223:in `call'
  rack (1.4.1) lib/rack/content_length.rb:14:in `call'
  railties (3.2.9) lib/rails/rack/log_tailer.rb:17:in `call'
  rack (1.4.1) lib/rack/handler/webrick.rb:59:in `service'
  /Users/gouravtiwari/.rvm/rubies/ruby-1.9.3-p327/lib/ruby/1.9.1/webrick/httpserver.rb:138:in `service'
  /Users/gouravtiwari/.rvm/rubies/ruby-1.9.3-p327/lib/ruby/1.9.1/webrick/httpserver.rb:94:in `run'
  /Users/gouravtiwari/.rvm/rubies/ruby-1.9.3-p327/lib/ruby/1.9.1/webrick/server.rb:191:in `block in start_thread'


  Rendered /Users/gouravtiwari/.rvm/gems/ruby-1.9.3-p327@audit-rails/gems/actionpack-3.2.9/lib/action_dispatch/middleware/templates/rescues/routing_error.erb within rescues/layout (2.8ms)


Started GET "/" for 127.0.0.1 at 2012-12-13 16:14:20 -0500

ActionController::RoutingError (No route matches [GET] "/"):
  actionpack (3.2.9) lib/action_dispatch/middleware/debug_exceptions.rb:21:in `call'
  actionpack (3.2.9) lib/action_dispatch/middleware/show_exceptions.rb:56:in `call'
  railties (3.2.9) lib/rails/rack/logger.rb:32:in `call_app'
  railties (3.2.9) lib/rails/rack/logger.rb:16:in `block in call'
  activesupport (3.2.9) lib/active_support/tagged_logging.rb:22:in `tagged'
  railties (3.2.9) lib/rails/rack/logger.rb:16:in `call'
  actionpack (3.2.9) lib/action_dispatch/middleware/request_id.rb:22:in `call'
  rack (1.4.1) lib/rack/methodoverride.rb:21:in `call'
  rack (1.4.1) lib/rack/runtime.rb:17:in `call'
  activesupport (3.2.9) lib/active_support/cache/strategy/local_cache.rb:72:in `call'
  rack (1.4.1) lib/rack/lock.rb:15:in `call'
  actionpack (3.2.9) lib/action_dispatch/middleware/static.rb:62:in `call'
  railties (3.2.9) lib/rails/engine.rb:479:in `call'
  railties (3.2.9) lib/rails/application.rb:223:in `call'
  rack (1.4.1) lib/rack/content_length.rb:14:in `call'
  railties (3.2.9) lib/rails/rack/log_tailer.rb:17:in `call'
  rack (1.4.1) lib/rack/handler/webrick.rb:59:in `service'
  /Users/gouravtiwari/.rvm/rubies/ruby-1.9.3-p327/lib/ruby/1.9.1/webrick/httpserver.rb:138:in `service'
  /Users/gouravtiwari/.rvm/rubies/ruby-1.9.3-p327/lib/ruby/1.9.1/webrick/httpserver.rb:94:in `run'
  /Users/gouravtiwari/.rvm/rubies/ruby-1.9.3-p327/lib/ruby/1.9.1/webrick/server.rb:191:in `block in start_thread'


  Rendered /Users/gouravtiwari/.rvm/gems/ruby-1.9.3-p327@audit-rails/gems/actionpack-3.2.9/lib/action_dispatch/middleware/templates/rescues/routing_error.erb within rescues/layout (0.6ms)


Started GET "/audit-rails" for 127.0.0.1 at 2012-12-13 16:14:29 -0500

ActionController::RoutingError (No route matches [GET] "/audit-rails"):
  actionpack (3.2.9) lib/action_dispatch/middleware/debug_exceptions.rb:21:in `call'
  actionpack (3.2.9) lib/action_dispatch/middleware/show_exceptions.rb:56:in `call'
  railties (3.2.9) lib/rails/rack/logger.rb:32:in `call_app'
  railties (3.2.9) lib/rails/rack/logger.rb:16:in `block in call'
  activesupport (3.2.9) lib/active_support/tagged_logging.rb:22:in `tagged'
  railties (3.2.9) lib/rails/rack/logger.rb:16:in `call'
  actionpack (3.2.9) lib/action_dispatch/middleware/request_id.rb:22:in `call'
  rack (1.4.1) lib/rack/methodoverride.rb:21:in `call'
  rack (1.4.1) lib/rack/runtime.rb:17:in `call'
  activesupport (3.2.9) lib/active_support/cache/strategy/local_cache.rb:72:in `call'
  rack (1.4.1) lib/rack/lock.rb:15:in `call'
  actionpack (3.2.9) lib/action_dispatch/middleware/static.rb:62:in `call'
  railties (3.2.9) lib/rails/engine.rb:479:in `call'
  railties (3.2.9) lib/rails/application.rb:223:in `call'
  rack (1.4.1) lib/rack/content_length.rb:14:in `call'
  railties (3.2.9) lib/rails/rack/log_tailer.rb:17:in `call'
  rack (1.4.1) lib/rack/handler/webrick.rb:59:in `service'
  /Users/gouravtiwari/.rvm/rubies/ruby-1.9.3-p327/lib/ruby/1.9.1/webrick/httpserver.rb:138:in `service'
  /Users/gouravtiwari/.rvm/rubies/ruby-1.9.3-p327/lib/ruby/1.9.1/webrick/httpserver.rb:94:in `run'
  /Users/gouravtiwari/.rvm/rubies/ruby-1.9.3-p327/lib/ruby/1.9.1/webrick/server.rb:191:in `block in start_thread'


  Rendered /Users/gouravtiwari/.rvm/gems/ruby-1.9.3-p327@audit-rails/gems/actionpack-3.2.9/lib/action_dispatch/middleware/templates/rescues/routing_error.erb within rescues/layout (0.6ms)


Started GET "/audit-rails/audits" for 127.0.0.1 at 2012-12-13 16:15:42 -0500
Connecting to database specified by database.yml

ActionController::RoutingError (No route matches [GET] "/audit-rails/audits"):
  actionpack (3.2.9) lib/action_dispatch/middleware/debug_exceptions.rb:21:in `call'
  actionpack (3.2.9) lib/action_dispatch/middleware/show_exceptions.rb:56:in `call'
  railties (3.2.9) lib/rails/rack/logger.rb:32:in `call_app'
  railties (3.2.9) lib/rails/rack/logger.rb:16:in `block in call'
  activesupport (3.2.9) lib/active_support/tagged_logging.rb:22:in `tagged'
  railties (3.2.9) lib/rails/rack/logger.rb:16:in `call'
  actionpack (3.2.9) lib/action_dispatch/middleware/request_id.rb:22:in `call'
  rack (1.4.1) lib/rack/methodoverride.rb:21:in `call'
  rack (1.4.1) lib/rack/runtime.rb:17:in `call'
  activesupport (3.2.9) lib/active_support/cache/strategy/local_cache.rb:72:in `call'
  rack (1.4.1) lib/rack/lock.rb:15:in `call'
  actionpack (3.2.9) lib/action_dispatch/middleware/static.rb:62:in `call'
  railties (3.2.9) lib/rails/engine.rb:479:in `call'
  railties (3.2.9) lib/rails/application.rb:223:in `call'
  rack (1.4.1) lib/rack/content_length.rb:14:in `call'
  railties (3.2.9) lib/rails/rack/log_tailer.rb:17:in `call'
  rack (1.4.1) lib/rack/handler/webrick.rb:59:in `service'
  /Users/gouravtiwari/.rvm/rubies/ruby-1.9.3-p327/lib/ruby/1.9.1/webrick/httpserver.rb:138:in `service'
  /Users/gouravtiwari/.rvm/rubies/ruby-1.9.3-p327/lib/ruby/1.9.1/webrick/httpserver.rb:94:in `run'
  /Users/gouravtiwari/.rvm/rubies/ruby-1.9.3-p327/lib/ruby/1.9.1/webrick/server.rb:191:in `block in start_thread'


  Rendered /Users/gouravtiwari/.rvm/gems/ruby-1.9.3-p327@audit-rails/gems/actionpack-3.2.9/lib/action_dispatch/middleware/templates/rescues/routing_error.erb within rescues/layout (2.0ms)


Started GET "/audits" for 127.0.0.1 at 2012-12-13 16:15:57 -0500

ActionController::RoutingError (No route matches [GET] "/audits"):
  actionpack (3.2.9) lib/action_dispatch/middleware/debug_exceptions.rb:21:in `call'
  actionpack (3.2.9) lib/action_dispatch/middleware/show_exceptions.rb:56:in `call'
  railties (3.2.9) lib/rails/rack/logger.rb:32:in `call_app'
  railties (3.2.9) lib/rails/rack/logger.rb:16:in `block in call'
  activesupport (3.2.9) lib/active_support/tagged_logging.rb:22:in `tagged'
  railties (3.2.9) lib/rails/rack/logger.rb:16:in `call'
  actionpack (3.2.9) lib/action_dispatch/middleware/request_id.rb:22:in `call'
  rack (1.4.1) lib/rack/methodoverride.rb:21:in `call'
  rack (1.4.1) lib/rack/runtime.rb:17:in `call'
  activesupport (3.2.9) lib/active_support/cache/strategy/local_cache.rb:72:in `call'
  rack (1.4.1) lib/rack/lock.rb:15:in `call'
  actionpack (3.2.9) lib/action_dispatch/middleware/static.rb:62:in `call'
  railties (3.2.9) lib/rails/engine.rb:479:in `call'
  railties (3.2.9) lib/rails/application.rb:223:in `call'
  rack (1.4.1) lib/rack/content_length.rb:14:in `call'
  railties (3.2.9) lib/rails/rack/log_tailer.rb:17:in `call'
  rack (1.4.1) lib/rack/handler/webrick.rb:59:in `service'
  /Users/gouravtiwari/.rvm/rubies/ruby-1.9.3-p327/lib/ruby/1.9.1/webrick/httpserver.rb:138:in `service'
  /Users/gouravtiwari/.rvm/rubies/ruby-1.9.3-p327/lib/ruby/1.9.1/webrick/httpserver.rb:94:in `run'
  /Users/gouravtiwari/.rvm/rubies/ruby-1.9.3-p327/lib/ruby/1.9.1/webrick/server.rb:191:in `block in start_thread'


  Rendered /Users/gouravtiwari/.rvm/gems/ruby-1.9.3-p327@audit-rails/gems/actionpack-3.2.9/lib/action_dispatch/middleware/templates/rescues/routing_error.erb within rescues/layout (0.6ms)


Started GET "/audit_rails/audits" for 127.0.0.1 at 2012-12-13 16:16:26 -0500
Processing by AuditRails::AuditsController#index as HTML
Completed 500 Internal Server Error in 34ms

ActiveRecord::StatementInvalid (Could not find table 'audit_rails_audits'):
  activerecord (3.2.9) lib/active_record/connection_adapters/sqlite_adapter.rb:472:in `table_structure'
  activerecord (3.2.9) lib/active_record/connection_adapters/sqlite_adapter.rb:346:in `columns'
  activerecord (3.2.9) lib/active_record/connection_adapters/schema_cache.rb:12:in `block in initialize'
  activerecord (3.2.9) lib/active_record/model_schema.rb:228:in `yield'
  activerecord (3.2.9) lib/active_record/model_schema.rb:228:in `default'
  activerecord (3.2.9) lib/active_record/model_schema.rb:228:in `columns'
  activerecord (3.2.9) lib/active_record/model_schema.rb:237:in `columns_hash'
  activerecord (3.2.9) lib/active_record/locking/optimistic.rb:129:in `locking_enabled?'
  activerecord (3.2.9) lib/active_record/relation.rb:170:in `exec_queries'
  activerecord (3.2.9) lib/active_record/relation.rb:160:in `block in to_a'
  activerecord (3.2.9) lib/active_record/explain.rb:33:in `logging_query_plan'
  activerecord (3.2.9) lib/active_record/relation.rb:159:in `to_a'
  activerecord (3.2.9) lib/active_record/relation/finder_methods.rb:159:in `all'
  activerecord (3.2.9) lib/active_record/querying.rb:5:in `all'
  /Users/gouravtiwari/audit_rails/app/controllers/audit_rails/audits_controller.rb:8:in `index'
  actionpack (3.2.9) lib/action_controller/metal/implicit_render.rb:4:in `send_action'
  actionpack (3.2.9) lib/abstract_controller/base.rb:167:in `process_action'
  actionpack (3.2.9) lib/action_controller/metal/rendering.rb:10:in `process_action'
  actionpack (3.2.9) lib/abstract_controller/callbacks.rb:18:in `block in process_action'
  activesupport (3.2.9) lib/active_support/callbacks.rb:403:in `_run__790901631425235955__process_action__3200907695428865316__callbacks'
  activesupport (3.2.9) lib/active_support/callbacks.rb:405:in `__run_callback'
  activesupport (3.2.9) lib/active_support/callbacks.rb:385:in `_run_process_action_callbacks'
  activesupport (3.2.9) lib/active_support/callbacks.rb:81:in `run_callbacks'
  actionpack (3.2.9) lib/abstract_controller/callbacks.rb:17:in `process_action'
  actionpack (3.2.9) lib/action_controller/metal/rescue.rb:29:in `process_action'
  actionpack (3.2.9) lib/action_controller/metal/instrumentation.rb:30:in `block in process_action'
  activesupport (3.2.9) lib/active_support/notifications.rb:123:in `block in instrument'
  activesupport (3.2.9) lib/active_support/notifications/instrumenter.rb:20:in `instrument'
  activesupport (3.2.9) lib/active_support/notifications.rb:123:in `instrument'
  actionpack (3.2.9) lib/action_controller/metal/instrumentation.rb:29:in `process_action'
  actionpack (3.2.9) lib/action_controller/metal/params_wrapper.rb:207:in `process_action'
  activerecord (3.2.9) lib/active_record/railties/controller_runtime.rb:18:in `process_action'
  actionpack (3.2.9) lib/abstract_controller/base.rb:121:in `process'
  actionpack (3.2.9) lib/abstract_controller/rendering.rb:45:in `process'
  actionpack (3.2.9) lib/action_controller/metal.rb:203:in `dispatch'
  actionpack (3.2.9) lib/action_controller/metal/rack_delegation.rb:14:in `dispatch'
  actionpack (3.2.9) lib/action_controller/metal.rb:246:in `block in action'
  actionpack (3.2.9) lib/action_dispatch/routing/route_set.rb:73:in `call'
  actionpack (3.2.9) lib/action_dispatch/routing/route_set.rb:73:in `dispatch'
  actionpack (3.2.9) lib/action_dispatch/routing/route_set.rb:36:in `call'
  journey (1.0.4) lib/journey/router.rb:68:in `block in call'
  journey (1.0.4) lib/journey/router.rb:56:in `each'
  journey (1.0.4) lib/journey/router.rb:56:in `call'
  actionpack (3.2.9) lib/action_dispatch/routing/route_set.rb:601:in `call'
  railties (3.2.9) lib/rails/engine.rb:479:in `call'
  railties (3.2.9) lib/rails/railtie/configurable.rb:30:in `method_missing'
  journey (1.0.4) lib/journey/router.rb:68:in `block in call'
  journey (1.0.4) lib/journey/router.rb:56:in `each'
  journey (1.0.4) lib/journey/router.rb:56:in `call'
  actionpack (3.2.9) lib/action_dispatch/routing/route_set.rb:601:in `call'
  actionpack (3.2.9) lib/action_dispatch/middleware/best_standards_support.rb:17:in `call'
  rack (1.4.1) lib/rack/etag.rb:23:in `call'
  rack (1.4.1) lib/rack/conditionalget.rb:25:in `call'
  actionpack (3.2.9) lib/action_dispatch/middleware/head.rb:14:in `call'
  actionpack (3.2.9) lib/action_dispatch/middleware/params_parser.rb:21:in `call'
  actionpack (3.2.9) lib/action_dispatch/middleware/flash.rb:242:in `call'
  rack (1.4.1) lib/rack/session/abstract/id.rb:205:in `context'
  rack (1.4.1) lib/rack/session/abstract/id.rb:200:in `call'
  actionpack (3.2.9) lib/action_dispatch/middleware/cookies.rb:341:in `call'
  activerecord (3.2.9) lib/active_record/query_cache.rb:64:in `call'
  activerecord (3.2.9) lib/active_record/connection_adapters/abstract/connection_pool.rb:479:in `call'
  actionpack (3.2.9) lib/action_dispatch/middleware/callbacks.rb:28:in `block in call'
  activesupport (3.2.9) lib/active_support/callbacks.rb:405:in `_run__3028318975771496415__call__2648196857953530865__callbacks'
  activesupport (3.2.9) lib/active_support/callbacks.rb:405:in `__run_callback'
  activesupport (3.2.9) lib/active_support/callbacks.rb:385:in `_run_call_callbacks'
  activesupport (3.2.9) lib/active_support/callbacks.rb:81:in `run_callbacks'
  actionpack (3.2.9) lib/action_dispatch/middleware/callbacks.rb:27:in `call'
  actionpack (3.2.9) lib/action_dispatch/middleware/reloader.rb:65:in `call'
  actionpack (3.2.9) lib/action_dispatch/middleware/remote_ip.rb:31:in `call'
  actionpack (3.2.9) lib/action_dispatch/middleware/debug_exceptions.rb:16:in `call'
  actionpack (3.2.9) lib/action_dispatch/middleware/show_exceptions.rb:56:in `call'
  railties (3.2.9) lib/rails/rack/logger.rb:32:in `call_app'
  railties (3.2.9) lib/rails/rack/logger.rb:16:in `block in call'
  activesupport (3.2.9) lib/active_support/tagged_logging.rb:22:in `tagged'
  railties (3.2.9) lib/rails/rack/logger.rb:16:in `call'
  actionpack (3.2.9) lib/action_dispatch/middleware/request_id.rb:22:in `call'
  rack (1.4.1) lib/rack/methodoverride.rb:21:in `call'
  rack (1.4.1) lib/rack/runtime.rb:17:in `call'
  activesupport (3.2.9) lib/active_support/cache/strategy/local_cache.rb:72:in `call'
  rack (1.4.1) lib/rack/lock.rb:15:in `call'
  actionpack (3.2.9) lib/action_dispatch/middleware/static.rb:62:in `call'
  railties (3.2.9) lib/rails/engine.rb:479:in `call'
  railties (3.2.9) lib/rails/application.rb:223:in `call'
  rack (1.4.1) lib/rack/content_length.rb:14:in `call'
  railties (3.2.9) lib/rails/rack/log_tailer.rb:17:in `call'
  rack (1.4.1) lib/rack/handler/webrick.rb:59:in `service'
  /Users/gouravtiwari/.rvm/rubies/ruby-1.9.3-p327/lib/ruby/1.9.1/webrick/httpserver.rb:138:in `service'
  /Users/gouravtiwari/.rvm/rubies/ruby-1.9.3-p327/lib/ruby/1.9.1/webrick/httpserver.rb:94:in `run'
  /Users/gouravtiwari/.rvm/rubies/ruby-1.9.3-p327/lib/ruby/1.9.1/webrick/server.rb:191:in `block in start_thread'


  Rendered /Users/gouravtiwari/.rvm/gems/ruby-1.9.3-p327@audit-rails/gems/actionpack-3.2.9/lib/action_dispatch/middleware/templates/rescues/_trace.erb (1.1ms)
  Rendered /Users/gouravtiwari/.rvm/gems/ruby-1.9.3-p327@audit-rails/gems/actionpack-3.2.9/lib/action_dispatch/middleware/templates/rescues/_request_and_response.erb (0.9ms)
  Rendered /Users/gouravtiwari/.rvm/gems/ruby-1.9.3-p327@audit-rails/gems/actionpack-3.2.9/lib/action_dispatch/middleware/templates/rescues/diagnostics.erb within rescues/layout (8.0ms)
Connecting to database specified by database.yml
  [1m[36m (0.2ms)[0m  [1mselect sqlite_version(*)[0m
  [1m[35m (1.1ms)[0m  CREATE TABLE "schema_migrations" ("version" varchar(255) NOT NULL) 
  [1m[36m (0.8ms)[0m  [1mCREATE UNIQUE INDEX "unique_schema_migrations" ON "schema_migrations" ("version")[0m
  [1m[35m (1.4ms)[0m  SELECT "schema_migrations"."version" FROM "schema_migrations" 
  [1m[36m (0.2ms)[0m  [1mselect sqlite_version(*)[0m
  [1m[35m (1.0ms)[0m  CREATE TABLE "audit_rails_audits" ("id" INTEGER PRIMARY KEY AUTOINCREMENT NOT NULL, "action" varchar(255), "controller" varchar(255), "description" varchar(255), "user_name" varchar(255), "created_at" datetime NOT NULL, "updated_at" datetime NOT NULL) 
  [1m[36m (0.7ms)[0m  [1mCREATE TABLE "schema_migrations" ("version" varchar(255) NOT NULL) [0m
  [1m[35m (0.8ms)[0m  CREATE UNIQUE INDEX "unique_schema_migrations" ON "schema_migrations" ("version")
  [1m[36m (0.1ms)[0m  [1mSELECT version FROM "schema_migrations"[0m
  [1m[35m (0.9ms)[0m  INSERT INTO "schema_migrations" (version) VALUES ('20121213191242')
Connecting to database specified by database.yml
Connecting to database specified by database.yml
Connecting to database specified by database.yml


Started GET "/" for 127.0.0.1 at 2013-01-04 17:07:37 -0500
Connecting to database specified by database.yml

ActionController::RoutingError (No route matches [GET] "/"):
  actionpack (3.2.9) lib/action_dispatch/middleware/debug_exceptions.rb:21:in `call'
  actionpack (3.2.9) lib/action_dispatch/middleware/show_exceptions.rb:56:in `call'
  railties (3.2.9) lib/rails/rack/logger.rb:32:in `call_app'
  railties (3.2.9) lib/rails/rack/logger.rb:16:in `block in call'
  activesupport (3.2.9) lib/active_support/tagged_logging.rb:22:in `tagged'
  railties (3.2.9) lib/rails/rack/logger.rb:16:in `call'
  actionpack (3.2.9) lib/action_dispatch/middleware/request_id.rb:22:in `call'
  rack (1.4.1) lib/rack/methodoverride.rb:21:in `call'
  rack (1.4.1) lib/rack/runtime.rb:17:in `call'
  activesupport (3.2.9) lib/active_support/cache/strategy/local_cache.rb:72:in `call'
  rack (1.4.1) lib/rack/lock.rb:15:in `call'
  actionpack (3.2.9) lib/action_dispatch/middleware/static.rb:62:in `call'
  railties (3.2.9) lib/rails/engine.rb:479:in `call'
  railties (3.2.9) lib/rails/application.rb:223:in `call'
  rack (1.4.1) lib/rack/content_length.rb:14:in `call'
  railties (3.2.9) lib/rails/rack/log_tailer.rb:17:in `call'
  rack (1.4.1) lib/rack/handler/webrick.rb:59:in `service'
  /Users/gouravtiwari/.rvm/rubies/ruby-1.9.3-p327/lib/ruby/1.9.1/webrick/httpserver.rb:138:in `service'
  /Users/gouravtiwari/.rvm/rubies/ruby-1.9.3-p327/lib/ruby/1.9.1/webrick/httpserver.rb:94:in `run'
  /Users/gouravtiwari/.rvm/rubies/ruby-1.9.3-p327/lib/ruby/1.9.1/webrick/server.rb:191:in `block in start_thread'


  Rendered /Users/gouravtiwari/.rvm/gems/ruby-1.9.3-p327/gems/actionpack-3.2.9/lib/action_dispatch/middleware/templates/rescues/routing_error.erb within rescues/layout (3.6ms)
Connecting to database specified by database.yml
  [1m[36m (0.5ms)[0m  [1mselect sqlite_version(*)[0m
  [1m[35m (1.4ms)[0m  SELECT "schema_migrations"."version" FROM "schema_migrations" 


Started GET "/audit_rails/audits" for 127.0.0.1 at 2013-01-04 17:08:37 -0500
Connecting to database specified by database.yml
Processing by AuditRails::AuditsController#index as HTML
Completed 500 Internal Server Error in 21ms

ActiveRecord::StatementInvalid (Could not find table 'audit_rails_audits'):
  activerecord (3.2.9) lib/active_record/connection_adapters/sqlite_adapter.rb:472:in `table_structure'
  activerecord (3.2.9) lib/active_record/connection_adapters/sqlite_adapter.rb:346:in `columns'
  activerecord (3.2.9) lib/active_record/connection_adapters/schema_cache.rb:12:in `block in initialize'
  activerecord (3.2.9) lib/active_record/model_schema.rb:228:in `yield'
  activerecord (3.2.9) lib/active_record/model_schema.rb:228:in `default'
  activerecord (3.2.9) lib/active_record/model_schema.rb:228:in `columns'
  activerecord (3.2.9) lib/active_record/model_schema.rb:237:in `columns_hash'
  activerecord (3.2.9) lib/active_record/locking/optimistic.rb:129:in `locking_enabled?'
  activerecord (3.2.9) lib/active_record/relation.rb:170:in `exec_queries'
  activerecord (3.2.9) lib/active_record/relation.rb:160:in `block in to_a'
  activerecord (3.2.9) lib/active_record/explain.rb:33:in `logging_query_plan'
  activerecord (3.2.9) lib/active_record/relation.rb:159:in `to_a'
  activerecord (3.2.9) lib/active_record/relation/finder_methods.rb:159:in `all'
  activerecord (3.2.9) lib/active_record/querying.rb:5:in `all'
  /Users/gouravtiwari/audit_rails/app/controllers/audit_rails/audits_controller.rb:7:in `index'
  actionpack (3.2.9) lib/action_controller/metal/implicit_render.rb:4:in `send_action'
  actionpack (3.2.9) lib/abstract_controller/base.rb:167:in `process_action'
  actionpack (3.2.9) lib/action_controller/metal/rendering.rb:10:in `process_action'
  actionpack (3.2.9) lib/abstract_controller/callbacks.rb:18:in `block in process_action'
  activesupport (3.2.9) lib/active_support/callbacks.rb:403:in `_run__2976259103945132511__process_action__1931461155615764677__callbacks'
  activesupport (3.2.9) lib/active_support/callbacks.rb:405:in `__run_callback'
  activesupport (3.2.9) lib/active_support/callbacks.rb:385:in `_run_process_action_callbacks'
  activesupport (3.2.9) lib/active_support/callbacks.rb:81:in `run_callbacks'
  actionpack (3.2.9) lib/abstract_controller/callbacks.rb:17:in `process_action'
  actionpack (3.2.9) lib/action_controller/metal/rescue.rb:29:in `process_action'
  actionpack (3.2.9) lib/action_controller/metal/instrumentation.rb:30:in `block in process_action'
  activesupport (3.2.9) lib/active_support/notifications.rb:123:in `block in instrument'
  activesupport (3.2.9) lib/active_support/notifications/instrumenter.rb:20:in `instrument'
  activesupport (3.2.9) lib/active_support/notifications.rb:123:in `instrument'
  actionpack (3.2.9) lib/action_controller/metal/instrumentation.rb:29:in `process_action'
  actionpack (3.2.9) lib/action_controller/metal/params_wrapper.rb:207:in `process_action'
  activerecord (3.2.9) lib/active_record/railties/controller_runtime.rb:18:in `process_action'
  actionpack (3.2.9) lib/abstract_controller/base.rb:121:in `process'
  actionpack (3.2.9) lib/abstract_controller/rendering.rb:45:in `process'
  actionpack (3.2.9) lib/action_controller/metal.rb:203:in `dispatch'
  actionpack (3.2.9) lib/action_controller/metal/rack_delegation.rb:14:in `dispatch'
  actionpack (3.2.9) lib/action_controller/metal.rb:246:in `block in action'
  actionpack (3.2.9) lib/action_dispatch/routing/route_set.rb:73:in `call'
  actionpack (3.2.9) lib/action_dispatch/routing/route_set.rb:73:in `dispatch'
  actionpack (3.2.9) lib/action_dispatch/routing/route_set.rb:36:in `call'
  journey (1.0.4) lib/journey/router.rb:68:in `block in call'
  journey (1.0.4) lib/journey/router.rb:56:in `each'
  journey (1.0.4) lib/journey/router.rb:56:in `call'
  actionpack (3.2.9) lib/action_dispatch/routing/route_set.rb:601:in `call'
  railties (3.2.9) lib/rails/engine.rb:479:in `call'
  railties (3.2.9) lib/rails/railtie/configurable.rb:30:in `method_missing'
  journey (1.0.4) lib/journey/router.rb:68:in `block in call'
  journey (1.0.4) lib/journey/router.rb:56:in `each'
  journey (1.0.4) lib/journey/router.rb:56:in `call'
  actionpack (3.2.9) lib/action_dispatch/routing/route_set.rb:601:in `call'
  actionpack (3.2.9) lib/action_dispatch/middleware/best_standards_support.rb:17:in `call'
  rack (1.4.1) lib/rack/etag.rb:23:in `call'
  rack (1.4.1) lib/rack/conditionalget.rb:25:in `call'
  actionpack (3.2.9) lib/action_dispatch/middleware/head.rb:14:in `call'
  actionpack (3.2.9) lib/action_dispatch/middleware/params_parser.rb:21:in `call'
  actionpack (3.2.9) lib/action_dispatch/middleware/flash.rb:242:in `call'
  rack (1.4.1) lib/rack/session/abstract/id.rb:205:in `context'
  rack (1.4.1) lib/rack/session/abstract/id.rb:200:in `call'
  actionpack (3.2.9) lib/action_dispatch/middleware/cookies.rb:341:in `call'
  activerecord (3.2.9) lib/active_record/query_cache.rb:64:in `call'
  activerecord (3.2.9) lib/active_record/connection_adapters/abstract/connection_pool.rb:479:in `call'
  actionpack (3.2.9) lib/action_dispatch/middleware/callbacks.rb:28:in `block in call'
  activesupport (3.2.9) lib/active_support/callbacks.rb:405:in `_run__710882036589378340__call__1785904406322369347__callbacks'
  activesupport (3.2.9) lib/active_support/callbacks.rb:405:in `__run_callback'
  activesupport (3.2.9) lib/active_support/callbacks.rb:385:in `_run_call_callbacks'
  activesupport (3.2.9) lib/active_support/callbacks.rb:81:in `run_callbacks'
  actionpack (3.2.9) lib/action_dispatch/middleware/callbacks.rb:27:in `call'
  actionpack (3.2.9) lib/action_dispatch/middleware/reloader.rb:65:in `call'
  actionpack (3.2.9) lib/action_dispatch/middleware/remote_ip.rb:31:in `call'
  actionpack (3.2.9) lib/action_dispatch/middleware/debug_exceptions.rb:16:in `call'
  actionpack (3.2.9) lib/action_dispatch/middleware/show_exceptions.rb:56:in `call'
  railties (3.2.9) lib/rails/rack/logger.rb:32:in `call_app'
  railties (3.2.9) lib/rails/rack/logger.rb:16:in `block in call'
  activesupport (3.2.9) lib/active_support/tagged_logging.rb:22:in `tagged'
  railties (3.2.9) lib/rails/rack/logger.rb:16:in `call'
  actionpack (3.2.9) lib/action_dispatch/middleware/request_id.rb:22:in `call'
  rack (1.4.1) lib/rack/methodoverride.rb:21:in `call'
  rack (1.4.1) lib/rack/runtime.rb:17:in `call'
  activesupport (3.2.9) lib/active_support/cache/strategy/local_cache.rb:72:in `call'
  rack (1.4.1) lib/rack/lock.rb:15:in `call'
  actionpack (3.2.9) lib/action_dispatch/middleware/static.rb:62:in `call'
  railties (3.2.9) lib/rails/engine.rb:479:in `call'
  railties (3.2.9) lib/rails/application.rb:223:in `call'
  rack (1.4.1) lib/rack/content_length.rb:14:in `call'
  railties (3.2.9) lib/rails/rack/log_tailer.rb:17:in `call'
  rack (1.4.1) lib/rack/handler/webrick.rb:59:in `service'
  /Users/gouravtiwari/.rvm/rubies/ruby-1.9.3-p327/lib/ruby/1.9.1/webrick/httpserver.rb:138:in `service'
  /Users/gouravtiwari/.rvm/rubies/ruby-1.9.3-p327/lib/ruby/1.9.1/webrick/httpserver.rb:94:in `run'
  /Users/gouravtiwari/.rvm/rubies/ruby-1.9.3-p327/lib/ruby/1.9.1/webrick/server.rb:191:in `block in start_thread'


  Rendered /Users/gouravtiwari/.rvm/gems/ruby-1.9.3-p327/gems/actionpack-3.2.9/lib/action_dispatch/middleware/templates/rescues/_trace.erb (1.2ms)
  Rendered /Users/gouravtiwari/.rvm/gems/ruby-1.9.3-p327/gems/actionpack-3.2.9/lib/action_dispatch/middleware/templates/rescues/_request_and_response.erb (0.8ms)
  Rendered /Users/gouravtiwari/.rvm/gems/ruby-1.9.3-p327/gems/actionpack-3.2.9/lib/action_dispatch/middleware/templates/rescues/diagnostics.erb within rescues/layout (10.6ms)


Started GET "/audit_rails/audits.xls" for 127.0.0.1 at 2013-01-04 17:08:47 -0500
Processing by AuditRails::AuditsController#index as 
Completed 500 Internal Server Error in 1ms

ActiveRecord::StatementInvalid (Could not find table 'audit_rails_audits'):
  activerecord (3.2.9) lib/active_record/connection_adapters/sqlite_adapter.rb:472:in `table_structure'
  activerecord (3.2.9) lib/active_record/connection_adapters/sqlite_adapter.rb:346:in `columns'
  activerecord (3.2.9) lib/active_record/connection_adapters/schema_cache.rb:12:in `block in initialize'
  activerecord (3.2.9) lib/active_record/model_schema.rb:228:in `yield'
  activerecord (3.2.9) lib/active_record/model_schema.rb:228:in `default'
  activerecord (3.2.9) lib/active_record/model_schema.rb:228:in `columns'
  activerecord (3.2.9) lib/active_record/model_schema.rb:237:in `columns_hash'
  activerecord (3.2.9) lib/active_record/locking/optimistic.rb:129:in `locking_enabled?'
  activerecord (3.2.9) lib/active_record/relation.rb:170:in `exec_queries'
  activerecord (3.2.9) lib/active_record/relation.rb:160:in `block in to_a'
  activerecord (3.2.9) lib/active_record/explain.rb:33:in `logging_query_plan'
  activerecord (3.2.9) lib/active_record/relation.rb:159:in `to_a'
  activerecord (3.2.9) lib/active_record/relation/finder_methods.rb:159:in `all'
  activerecord (3.2.9) lib/active_record/querying.rb:5:in `all'
  /Users/gouravtiwari/audit_rails/app/controllers/audit_rails/audits_controller.rb:7:in `index'
  actionpack (3.2.9) lib/action_controller/metal/implicit_render.rb:4:in `send_action'
  actionpack (3.2.9) lib/abstract_controller/base.rb:167:in `process_action'
  actionpack (3.2.9) lib/action_controller/metal/rendering.rb:10:in `process_action'
  actionpack (3.2.9) lib/abstract_controller/callbacks.rb:18:in `block in process_action'
  activesupport (3.2.9) lib/active_support/callbacks.rb:403:in `_run__2976259103945132511__process_action__1931461155615764677__callbacks'
  activesupport (3.2.9) lib/active_support/callbacks.rb:405:in `__run_callback'
  activesupport (3.2.9) lib/active_support/callbacks.rb:385:in `_run_process_action_callbacks'
  activesupport (3.2.9) lib/active_support/callbacks.rb:81:in `run_callbacks'
  actionpack (3.2.9) lib/abstract_controller/callbacks.rb:17:in `process_action'
  actionpack (3.2.9) lib/action_controller/metal/rescue.rb:29:in `process_action'
  actionpack (3.2.9) lib/action_controller/metal/instrumentation.rb:30:in `block in process_action'
  activesupport (3.2.9) lib/active_support/notifications.rb:123:in `block in instrument'
  activesupport (3.2.9) lib/active_support/notifications/instrumenter.rb:20:in `instrument'
  activesupport (3.2.9) lib/active_support/notifications.rb:123:in `instrument'
  actionpack (3.2.9) lib/action_controller/metal/instrumentation.rb:29:in `process_action'
  actionpack (3.2.9) lib/action_controller/metal/params_wrapper.rb:207:in `process_action'
  activerecord (3.2.9) lib/active_record/railties/controller_runtime.rb:18:in `process_action'
  actionpack (3.2.9) lib/abstract_controller/base.rb:121:in `process'
  actionpack (3.2.9) lib/abstract_controller/rendering.rb:45:in `process'
  actionpack (3.2.9) lib/action_controller/metal.rb:203:in `dispatch'
  actionpack (3.2.9) lib/action_controller/metal/rack_delegation.rb:14:in `dispatch'
  actionpack (3.2.9) lib/action_controller/metal.rb:246:in `block in action'
  actionpack (3.2.9) lib/action_dispatch/routing/route_set.rb:73:in `call'
  actionpack (3.2.9) lib/action_dispatch/routing/route_set.rb:73:in `dispatch'
  actionpack (3.2.9) lib/action_dispatch/routing/route_set.rb:36:in `call'
  journey (1.0.4) lib/journey/router.rb:68:in `block in call'
  journey (1.0.4) lib/journey/router.rb:56:in `each'
  journey (1.0.4) lib/journey/router.rb:56:in `call'
  actionpack (3.2.9) lib/action_dispatch/routing/route_set.rb:601:in `call'
  railties (3.2.9) lib/rails/engine.rb:479:in `call'
  railties (3.2.9) lib/rails/railtie/configurable.rb:30:in `method_missing'
  journey (1.0.4) lib/journey/router.rb:68:in `block in call'
  journey (1.0.4) lib/journey/router.rb:56:in `each'
  journey (1.0.4) lib/journey/router.rb:56:in `call'
  actionpack (3.2.9) lib/action_dispatch/routing/route_set.rb:601:in `call'
  actionpack (3.2.9) lib/action_dispatch/middleware/best_standards_support.rb:17:in `call'
  rack (1.4.1) lib/rack/etag.rb:23:in `call'
  rack (1.4.1) lib/rack/conditionalget.rb:25:in `call'
  actionpack (3.2.9) lib/action_dispatch/middleware/head.rb:14:in `call'
  actionpack (3.2.9) lib/action_dispatch/middleware/params_parser.rb:21:in `call'
  actionpack (3.2.9) lib/action_dispatch/middleware/flash.rb:242:in `call'
  rack (1.4.1) lib/rack/session/abstract/id.rb:205:in `context'
  rack (1.4.1) lib/rack/session/abstract/id.rb:200:in `call'
  actionpack (3.2.9) lib/action_dispatch/middleware/cookies.rb:341:in `call'
  activerecord (3.2.9) lib/active_record/query_cache.rb:64:in `call'
  activerecord (3.2.9) lib/active_record/connection_adapters/abstract/connection_pool.rb:479:in `call'
  actionpack (3.2.9) lib/action_dispatch/middleware/callbacks.rb:28:in `block in call'
  activesupport (3.2.9) lib/active_support/callbacks.rb:405:in `_run__710882036589378340__call__1785904406322369347__callbacks'
  activesupport (3.2.9) lib/active_support/callbacks.rb:405:in `__run_callback'
  activesupport (3.2.9) lib/active_support/callbacks.rb:385:in `_run_call_callbacks'
  activesupport (3.2.9) lib/active_support/callbacks.rb:81:in `run_callbacks'
  actionpack (3.2.9) lib/action_dispatch/middleware/callbacks.rb:27:in `call'
  actionpack (3.2.9) lib/action_dispatch/middleware/reloader.rb:65:in `call'
  actionpack (3.2.9) lib/action_dispatch/middleware/remote_ip.rb:31:in `call'
  actionpack (3.2.9) lib/action_dispatch/middleware/debug_exceptions.rb:16:in `call'
  actionpack (3.2.9) lib/action_dispatch/middleware/show_exceptions.rb:56:in `call'
  railties (3.2.9) lib/rails/rack/logger.rb:32:in `call_app'
  railties (3.2.9) lib/rails/rack/logger.rb:16:in `block in call'
  activesupport (3.2.9) lib/active_support/tagged_logging.rb:22:in `tagged'
  railties (3.2.9) lib/rails/rack/logger.rb:16:in `call'
  actionpack (3.2.9) lib/action_dispatch/middleware/request_id.rb:22:in `call'
  rack (1.4.1) lib/rack/methodoverride.rb:21:in `call'
  rack (1.4.1) lib/rack/runtime.rb:17:in `call'
  activesupport (3.2.9) lib/active_support/cache/strategy/local_cache.rb:72:in `call'
  rack (1.4.1) lib/rack/lock.rb:15:in `call'
  actionpack (3.2.9) lib/action_dispatch/middleware/static.rb:62:in `call'
  railties (3.2.9) lib/rails/engine.rb:479:in `call'
  railties (3.2.9) lib/rails/application.rb:223:in `call'
  rack (1.4.1) lib/rack/content_length.rb:14:in `call'
  railties (3.2.9) lib/rails/rack/log_tailer.rb:17:in `call'
  rack (1.4.1) lib/rack/handler/webrick.rb:59:in `service'
  /Users/gouravtiwari/.rvm/rubies/ruby-1.9.3-p327/lib/ruby/1.9.1/webrick/httpserver.rb:138:in `service'
  /Users/gouravtiwari/.rvm/rubies/ruby-1.9.3-p327/lib/ruby/1.9.1/webrick/httpserver.rb:94:in `run'
  /Users/gouravtiwari/.rvm/rubies/ruby-1.9.3-p327/lib/ruby/1.9.1/webrick/server.rb:191:in `block in start_thread'


  Rendered /Users/gouravtiwari/.rvm/gems/ruby-1.9.3-p327/gems/actionpack-3.2.9/lib/action_dispatch/middleware/templates/rescues/_trace.erb (1.8ms)
  Rendered /Users/gouravtiwari/.rvm/gems/ruby-1.9.3-p327/gems/actionpack-3.2.9/lib/action_dispatch/middleware/templates/rescues/_request_and_response.erb (0.9ms)
  Rendered /Users/gouravtiwari/.rvm/gems/ruby-1.9.3-p327/gems/actionpack-3.2.9/lib/action_dispatch/middleware/templates/rescues/diagnostics.erb within rescues/layout (8.9ms)
Connecting to database specified by database.yml
  [1m[36m (3.2ms)[0m  [1mSELECT "schema_migrations"."version" FROM "schema_migrations" [0m
Connecting to database specified by database.yml
  [1m[36m (0.5ms)[0m  [1mselect sqlite_version(*)[0m
  [1m[35m (1.5ms)[0m  SELECT "schema_migrations"."version" FROM "schema_migrations" 
Connecting to database specified by database.yml
  [1m[36m (1.6ms)[0m  [1mSELECT "schema_migrations"."version" FROM "schema_migrations" [0m
Migrating to CreateAuditRailsAudits (20121213191242)
  [1m[35m (0.0ms)[0m  select sqlite_version(*)
  [1m[36m (0.0ms)[0m  [1mbegin transaction[0m
  [1m[35m (0.5ms)[0m  CREATE TABLE "audit_rails_audits" ("id" INTEGER PRIMARY KEY AUTOINCREMENT NOT NULL, "action" varchar(255), "controller" varchar(255), "description" varchar(255), "user_name" varchar(255), "created_at" datetime NOT NULL, "updated_at" datetime NOT NULL) 
  [1m[36m (0.1ms)[0m  [1mINSERT INTO "schema_migrations" ("version") VALUES ('20121213191242')[0m
  [1m[35m (0.8ms)[0m  commit transaction
  [1m[36m (0.1ms)[0m  [1mSELECT "schema_migrations"."version" FROM "schema_migrations" [0m
Connecting to database specified by database.yml
  [1m[36m (1.4ms)[0m  [1mSELECT "schema_migrations"."version" FROM "schema_migrations" [0m
  [1m[35m (0.3ms)[0m  select sqlite_version(*)
  [1m[36m (2.1ms)[0m  [1mDROP TABLE "audit_rails_audits"[0m
  [1m[35m (0.8ms)[0m  CREATE TABLE "audit_rails_audits" ("id" INTEGER PRIMARY KEY AUTOINCREMENT NOT NULL, "action" varchar(255), "controller" varchar(255), "description" varchar(255), "user_name" varchar(255), "created_at" datetime NOT NULL, "updated_at" datetime NOT NULL) 
  [1m[36m (0.3ms)[0m  [1mSELECT version FROM "schema_migrations"[0m
Connecting to database specified by database.yml
  [1m[36m (1.4ms)[0m  [1mSELECT "schema_migrations"."version" FROM "schema_migrations" [0m
  [1m[35m (0.3ms)[0m  select sqlite_version(*)
  [1m[36m (3.2ms)[0m  [1mDROP TABLE "audit_rails_audits"[0m
  [1m[35m (0.9ms)[0m  CREATE TABLE "audit_rails_audits" ("id" INTEGER PRIMARY KEY AUTOINCREMENT NOT NULL, "action" varchar(255), "controller" varchar(255), "description" varchar(255), "user_name" varchar(255), "created_at" datetime NOT NULL, "updated_at" datetime NOT NULL) 
  [1m[36m (0.1ms)[0m  [1mSELECT version FROM "schema_migrations"[0m
Connecting to database specified by database.yml
  [1m[36m (0.1ms)[0m  [1mselect sqlite_version(*)[0m
  [1m[35m (1.4ms)[0m  SELECT "schema_migrations"."version" FROM "schema_migrations" 
Connecting to database specified by database.yml
  [1m[36m (1.3ms)[0m  [1mSELECT "schema_migrations"."version" FROM "schema_migrations" [0m
  [1m[35m (0.2ms)[0m  select sqlite_version(*)
  [1m[36m (102.8ms)[0m  [1mCREATE TABLE "audit_rails_audits" ("id" INTEGER PRIMARY KEY AUTOINCREMENT NOT NULL, "action" varchar(255), "controller" varchar(255), "description" varchar(255), "user_name" varchar(255), "created_at" datetime NOT NULL, "updated_at" datetime NOT NULL) [0m
  [1m[35m (2.3ms)[0m  CREATE TABLE "schema_migrations" ("version" varchar(255) NOT NULL) 
  [1m[36m (1.3ms)[0m  [1mCREATE UNIQUE INDEX "unique_schema_migrations" ON "schema_migrations" ("version")[0m
  [1m[35m (0.1ms)[0m  SELECT version FROM "schema_migrations"
  [1m[36m (1.0ms)[0m  [1mINSERT INTO "schema_migrations" (version) VALUES ('20121213191242')[0m
Connecting to database specified by database.yml
  [1m[36m (1.4ms)[0m  [1mSELECT "schema_migrations"."version" FROM "schema_migrations" [0m
  [1m[35m (0.3ms)[0m  select sqlite_version(*)
  [1m[36m (103.5ms)[0m  [1mDROP TABLE "audit_rails_audits"[0m
  [1m[35m (2.8ms)[0m  CREATE TABLE "audit_rails_audits" ("id" INTEGER PRIMARY KEY AUTOINCREMENT NOT NULL, "action" varchar(255), "controller" varchar(255), "description" varchar(255), "user_name" varchar(255), "created_at" datetime NOT NULL, "updated_at" datetime NOT NULL) 
  [1m[36m (0.1ms)[0m  [1mSELECT version FROM "schema_migrations"[0m
Connecting to database specified by database.yml
  [1m[36m (1.4ms)[0m  [1mSELECT "schema_migrations"."version" FROM "schema_migrations" [0m
  [1m[35m (0.3ms)[0m  select sqlite_version(*)
  [1m[36m (2.7ms)[0m  [1mDROP TABLE "audit_rails_audits"[0m
  [1m[35m (1.0ms)[0m  CREATE TABLE "audit_rails_audits" ("id" INTEGER PRIMARY KEY AUTOINCREMENT NOT NULL, "action" varchar(255), "controller" varchar(255), "description" varchar(255), "user_name" varchar(255), "created_at" datetime NOT NULL, "updated_at" datetime NOT NULL) 
  [1m[36m (0.1ms)[0m  [1mSELECT version FROM "schema_migrations"[0m
Connecting to database specified by database.yml
  [1m[36m (1.4ms)[0m  [1mSELECT "schema_migrations"."version" FROM "schema_migrations" [0m
  [1m[35m (0.3ms)[0m  select sqlite_version(*)
  [1m[36m (2.8ms)[0m  [1mDROP TABLE "audit_rails_audits"[0m
  [1m[35m (0.9ms)[0m  CREATE TABLE "audit_rails_audits" ("id" INTEGER PRIMARY KEY AUTOINCREMENT NOT NULL, "action" varchar(255), "controller" varchar(255), "description" varchar(255), "user_name" varchar(255), "created_at" datetime NOT NULL, "updated_at" datetime NOT NULL) 
  [1m[36m (0.1ms)[0m  [1mSELECT version FROM "schema_migrations"[0m
Connecting to database specified by database.yml
  [1m[36m (3.1ms)[0m  [1mSELECT "schema_migrations"."version" FROM "schema_migrations" [0m
  [1m[35m (0.3ms)[0m  select sqlite_version(*)
  [1m[36m (1.1ms)[0m  [1mDROP TABLE "audit_rails_audits"[0m
  [1m[35m (0.7ms)[0m  CREATE TABLE "audit_rails_audits" ("id" INTEGER PRIMARY KEY AUTOINCREMENT NOT NULL, "action" varchar(255), "controller" varchar(255), "description" varchar(255), "user_name" varchar(255), "created_at" datetime NOT NULL, "updated_at" datetime NOT NULL) 
  [1m[36m (0.1ms)[0m  [1mSELECT version FROM "schema_migrations"[0m
Connecting to database specified by database.yml
  [1m[36m (1.5ms)[0m  [1mSELECT "schema_migrations"."version" FROM "schema_migrations" [0m
  [1m[35m (0.3ms)[0m  select sqlite_version(*)
  [1m[36m (2.8ms)[0m  [1mDROP TABLE "audit_rails_audits"[0m
  [1m[35m (0.8ms)[0m  CREATE TABLE "audit_rails_audits" ("id" INTEGER PRIMARY KEY AUTOINCREMENT NOT NULL, "action" varchar(255), "controller" varchar(255), "description" varchar(255), "user_name" varchar(255), "created_at" datetime NOT NULL, "updated_at" datetime NOT NULL) 
  [1m[36m (0.1ms)[0m  [1mSELECT version FROM "schema_migrations"[0m
Connecting to database specified by database.yml
  [1m[36m (1.4ms)[0m  [1mSELECT "schema_migrations"."version" FROM "schema_migrations" [0m
  [1m[35m (0.3ms)[0m  select sqlite_version(*)
  [1m[36m (3.3ms)[0m  [1mDROP TABLE "audit_rails_audits"[0m
  [1m[35m (0.9ms)[0m  CREATE TABLE "audit_rails_audits" ("id" INTEGER PRIMARY KEY AUTOINCREMENT NOT NULL, "action" varchar(255), "controller" varchar(255), "description" varchar(255), "user_name" varchar(255), "created_at" datetime NOT NULL, "updated_at" datetime NOT NULL) 
  [1m[36m (0.1ms)[0m  [1mSELECT version FROM "schema_migrations"[0m
Connecting to database specified by database.yml
  [1m[36m (1.5ms)[0m  [1mSELECT "schema_migrations"."version" FROM "schema_migrations" [0m
  [1m[35m (0.3ms)[0m  select sqlite_version(*)
  [1m[36m (2.6ms)[0m  [1mDROP TABLE "audit_rails_audits"[0m
  [1m[35m (1.0ms)[0m  CREATE TABLE "audit_rails_audits" ("id" INTEGER PRIMARY KEY AUTOINCREMENT NOT NULL, "action" varchar(255), "controller" varchar(255), "description" varchar(255), "user_name" varchar(255), "created_at" datetime NOT NULL, "updated_at" datetime NOT NULL) 
  [1m[36m (0.1ms)[0m  [1mSELECT version FROM "schema_migrations"[0m
Connecting to database specified by database.yml
  [1m[36m (1.5ms)[0m  [1mSELECT "schema_migrations"."version" FROM "schema_migrations" [0m
  [1m[35m (0.3ms)[0m  select sqlite_version(*)
  [1m[36m (2.9ms)[0m  [1mDROP TABLE "audit_rails_audits"[0m
  [1m[35m (1.0ms)[0m  CREATE TABLE "audit_rails_audits" ("id" INTEGER PRIMARY KEY AUTOINCREMENT NOT NULL, "action" varchar(255), "controller" varchar(255), "description" varchar(255), "user_name" varchar(255), "created_at" datetime NOT NULL, "updated_at" datetime NOT NULL) 
  [1m[36m (0.1ms)[0m  [1mSELECT version FROM "schema_migrations"[0m
Connecting to database specified by database.yml
  [1m[36m (1.4ms)[0m  [1mSELECT "schema_migrations"."version" FROM "schema_migrations" [0m
  [1m[35m (0.3ms)[0m  select sqlite_version(*)
  [1m[36m (3.0ms)[0m  [1mDROP TABLE "audit_rails_audits"[0m
  [1m[35m (0.8ms)[0m  CREATE TABLE "audit_rails_audits" ("id" INTEGER PRIMARY KEY AUTOINCREMENT NOT NULL, "action" varchar(255), "controller" varchar(255), "description" varchar(255), "user_name" varchar(255), "created_at" datetime NOT NULL, "updated_at" datetime NOT NULL) 
  [1m[36m (0.1ms)[0m  [1mSELECT version FROM "schema_migrations"[0m
Connecting to database specified by database.yml
  [1m[36m (1.4ms)[0m  [1mSELECT "schema_migrations"."version" FROM "schema_migrations" [0m
  [1m[35m (0.3ms)[0m  select sqlite_version(*)
  [1m[36m (3.2ms)[0m  [1mDROP TABLE "audit_rails_audits"[0m
  [1m[35m (1.0ms)[0m  CREATE TABLE "audit_rails_audits" ("id" INTEGER PRIMARY KEY AUTOINCREMENT NOT NULL, "action" varchar(255), "controller" varchar(255), "description" varchar(255), "user_name" varchar(255), "created_at" datetime NOT NULL, "updated_at" datetime NOT NULL) 
  [1m[36m (0.1ms)[0m  [1mSELECT version FROM "schema_migrations"[0m
Connecting to database specified by database.yml
  [1m[36m (1.6ms)[0m  [1mSELECT "schema_migrations"."version" FROM "schema_migrations" [0m
  [1m[35m (0.3ms)[0m  select sqlite_version(*)
  [1m[36m (3.0ms)[0m  [1mDROP TABLE "audit_rails_audits"[0m
  [1m[35m (1.2ms)[0m  CREATE TABLE "audit_rails_audits" ("id" INTEGER PRIMARY KEY AUTOINCREMENT NOT NULL, "action" varchar(255), "controller" varchar(255), "description" varchar(255), "user_name" varchar(255), "created_at" datetime NOT NULL, "updated_at" datetime NOT NULL) 
  [1m[36m (0.1ms)[0m  [1mSELECT version FROM "schema_migrations"[0m
Connecting to database specified by database.yml
  [1m[36m (1.3ms)[0m  [1mSELECT "schema_migrations"."version" FROM "schema_migrations" [0m
  [1m[35m (0.3ms)[0m  select sqlite_version(*)
  [1m[36m (1.1ms)[0m  [1mDROP TABLE "audit_rails_audits"[0m
  [1m[35m (0.7ms)[0m  CREATE TABLE "audit_rails_audits" ("id" INTEGER PRIMARY KEY AUTOINCREMENT NOT NULL, "action" varchar(255), "controller" varchar(255), "description" varchar(255), "user_name" varchar(255), "created_at" datetime NOT NULL, "updated_at" datetime NOT NULL) 
  [1m[36m (0.1ms)[0m  [1mSELECT version FROM "schema_migrations"[0m
Connecting to database specified by database.yml
  [1m[36m (1.5ms)[0m  [1mSELECT "schema_migrations"."version" FROM "schema_migrations" [0m
  [1m[35m (0.3ms)[0m  select sqlite_version(*)
  [1m[36m (3.3ms)[0m  [1mDROP TABLE "audit_rails_audits"[0m
  [1m[35m (1.0ms)[0m  CREATE TABLE "audit_rails_audits" ("id" INTEGER PRIMARY KEY AUTOINCREMENT NOT NULL, "action" varchar(255), "controller" varchar(255), "description" varchar(255), "user_name" varchar(255), "created_at" datetime NOT NULL, "updated_at" datetime NOT NULL) 
  [1m[36m (0.1ms)[0m  [1mSELECT version FROM "schema_migrations"[0m
Connecting to database specified by database.yml
  [1m[36m (1.4ms)[0m  [1mSELECT "schema_migrations"."version" FROM "schema_migrations" [0m
  [1m[35m (0.3ms)[0m  select sqlite_version(*)
  [1m[36m (2.9ms)[0m  [1mDROP TABLE "audit_rails_audits"[0m
  [1m[35m (1.1ms)[0m  CREATE TABLE "audit_rails_audits" ("id" INTEGER PRIMARY KEY AUTOINCREMENT NOT NULL, "action" varchar(255), "controller" varchar(255), "description" varchar(255), "user_name" varchar(255), "created_at" datetime NOT NULL, "updated_at" datetime NOT NULL) 
  [1m[36m (0.1ms)[0m  [1mSELECT version FROM "schema_migrations"[0m
Connecting to database specified by database.yml
  [1m[36m (1.5ms)[0m  [1mSELECT "schema_migrations"."version" FROM "schema_migrations" [0m
  [1m[35m (0.3ms)[0m  select sqlite_version(*)
  [1m[36m (100.4ms)[0m  [1mDROP TABLE "audit_rails_audits"[0m
  [1m[35m (3.3ms)[0m  CREATE TABLE "audit_rails_audits" ("id" INTEGER PRIMARY KEY AUTOINCREMENT NOT NULL, "action" varchar(255), "controller" varchar(255), "description" varchar(255), "user_name" varchar(255), "created_at" datetime NOT NULL, "updated_at" datetime NOT NULL) 
  [1m[36m (0.1ms)[0m  [1mSELECT version FROM "schema_migrations"[0m
Connecting to database specified by database.yml
  [1m[36m (1.4ms)[0m  [1mSELECT "schema_migrations"."version" FROM "schema_migrations" [0m
  [1m[35m (0.3ms)[0m  select sqlite_version(*)
  [1m[36m (2.3ms)[0m  [1mDROP TABLE "audit_rails_audits"[0m
  [1m[35m (1.0ms)[0m  CREATE TABLE "audit_rails_audits" ("id" INTEGER PRIMARY KEY AUTOINCREMENT NOT NULL, "action" varchar(255), "controller" varchar(255), "description" varchar(255), "user_name" varchar(255), "created_at" datetime NOT NULL, "updated_at" datetime NOT NULL) 
  [1m[36m (0.1ms)[0m  [1mSELECT version FROM "schema_migrations"[0m
Connecting to database specified by database.yml
  [1m[36m (1.4ms)[0m  [1mSELECT "schema_migrations"."version" FROM "schema_migrations" [0m
  [1m[35m (0.3ms)[0m  select sqlite_version(*)
  [1m[36m (0.9ms)[0m  [1mDROP TABLE "audit_rails_audits"[0m
  [1m[35m (1.0ms)[0m  CREATE TABLE "audit_rails_audits" ("id" INTEGER PRIMARY KEY AUTOINCREMENT NOT NULL, "action" varchar(255), "controller" varchar(255), "description" varchar(255), "user_name" varchar(255), "created_at" datetime NOT NULL, "updated_at" datetime NOT NULL) 
  [1m[36m (0.1ms)[0m  [1mSELECT version FROM "schema_migrations"[0m
